# JRE version: OpenJDK Runtime Environment (8.0_152-b02) (build 1.8.0_152-release-1024-b02)
# Java VM: OpenJDK 64-Bit Server VM (25.152-b02 mixed mode windows-amd64 compressed oops)
Heap:
 PSYoungGen      total 94208K, used 39047K [0x00000000e0000000, 0x00000000e8a00000, 0x0000000100000000)
  eden space 82944K, 47% used [0x00000000e0000000,0x00000000e2621d28,0x00000000e5100000)
  from space 11264K, 0% used [0x00000000e5100000,0x00000000e5100000,0x00000000e5c00000)
  to   space 10752K, 0% used [0x00000000e7f80000,0x00000000e7f80000,0x00000000e8a00000)
 ParOldGen       total 83456K, used 14458K [0x00000000a0000000, 0x00000000a5180000, 0x00000000e0000000)
  object space 83456K, 17% used [0x00000000a0000000,0x00000000a0e1e9c8,0x00000000a5180000)
 Metaspace       used 36588K, capacity 37326K, committed 37504K, reserved 1081344K
  class space    used 5014K, capacity 5233K, committed 5248K, reserved 1048576K
GC Heap History (10 events):
Event: 10.646 GC heap before
{Heap before GC invocations=7 (full 1):
 PSYoungGen      total 38400K, used 33280K [0x00000000e0000000, 0x00000000e5500000, 0x0000000100000000)
  eden space 33280K, 100% used [0x00000000e0000000,0x00000000e2080000,0x00000000e2080000)
  from space 5120K, 0% used [0x00000000e2080000,0x00000000e2080000,0x00000000e2580000)
  to   space 10240K, 0% used [0x00000000e4b00000,0x00000000e4b00000,0x00000000e5500000)
 ParOldGen       total 62464K, used 10793K [0x00000000a0000000, 0x00000000a3d00000, 0x00000000e0000000)
  object space 62464K, 17% used [0x00000000a0000000,0x00000000a0a8a520,0x00000000a3d00000)
 Metaspace       used 24218K, capacity 24640K, committed 24832K, reserved 1071104K
  class space    used 3344K, capacity 3495K, committed 3584K, reserved 1048576K
Event: 10.659 GC heap after
Heap after GC invocations=7 (full 1):
 PSYoungGen      total 56832K, used 3989K [0x00000000e0000000, 0x00000000e4f00000, 0x0000000100000000)
  eden space 52736K, 0% used [0x00000000e0000000,0x00000000e0000000,0x00000000e3380000)
  from space 4096K, 97% used [0x00000000e4b00000,0x00000000e4ee5460,0x00000000e4f00000)
  to   space 10240K, 0% used [0x00000000e3b00000,0x00000000e3b00000,0x00000000e4500000)
 ParOldGen       total 62464K, used 10801K [0x00000000a0000000, 0x00000000a3d00000, 0x00000000e0000000)
  object space 62464K, 17% used [0x00000000a0000000,0x00000000a0a8c520,0x00000000a3d00000)
 Metaspace       used 24218K, capacity 24640K, committed 24832K, reserved 1071104K
  class space    used 3344K, capacity 3495K, committed 3584K, reserved 1048576K
}
Event: 12.195 GC heap before
{Heap before GC invocations=8 (full 1):
 PSYoungGen      total 56832K, used 56725K [0x00000000e0000000, 0x00000000e4f00000, 0x0000000100000000)
  eden space 52736K, 100% used [0x00000000e0000000,0x00000000e3380000,0x00000000e3380000)
  from space 4096K, 97% used [0x00000000e4b00000,0x00000000e4ee5460,0x00000000e4f00000)
  to   space 10240K, 0% used [0x00000000e3b00000,0x00000000e3b00000,0x00000000e4500000)
 ParOldGen       total 62464K, used 10801K [0x00000000a0000000, 0x00000000a3d00000, 0x00000000e0000000)
  object space 62464K, 17% used [0x00000000a0000000,0x00000000a0a8c520,0x00000000a3d00000)
 Metaspace       used 27819K, capacity 28304K, committed 28416K, reserved 1073152K
  class space    used 3895K, capacity 4053K, committed 4096K, reserved 1048576K
Event: 12.220 GC heap after
Heap after GC invocations=8 (full 1):
 PSYoungGen      total 70656K, used 6401K [0x00000000e0000000, 0x00000000e6580000, 0x0000000100000000)
  eden space 60416K, 0% used [0x00000000e0000000,0x00000000e0000000,0x00000000e3b00000)
  from space 10240K, 62% used [0x00000000e3b00000,0x00000000e4140428,0x00000000e4500000)
  to   space 9728K, 0% used [0x00000000e5c00000,0x00000000e5c00000,0x00000000e6580000)
 ParOldGen       total 62464K, used 10801K [0x00000000a0000000, 0x00000000a3d00000, 0x00000000e0000000)
  object space 62464K, 17% used [0x00000000a0000000,0x00000000a0a8c520,0x00000000a3d00000)
 Metaspace       used 27819K, capacity 28304K, committed 28416K, reserved 1073152K
  class space    used 3895K, capacity 4053K, committed 4096K, reserved 1048576K
}
Event: 15.930 GC heap before
{Heap before GC invocations=9 (full 1):
 PSYoungGen      total 70656K, used 66817K [0x00000000e0000000, 0x00000000e6580000, 0x0000000100000000)
  eden space 60416K, 100% used [0x00000000e0000000,0x00000000e3b00000,0x00000000e3b00000)
  from space 10240K, 62% used [0x00000000e3b00000,0x00000000e4140428,0x00000000e4500000)
  to   space 9728K, 0% used [0x00000000e5c00000,0x00000000e5c00000,0x00000000e6580000)
 ParOldGen       total 62464K, used 10801K [0x00000000a0000000, 0x00000000a3d00000, 0x00000000e0000000)
  object space 62464K, 17% used [0x00000000a0000000,0x00000000a0a8c520,0x00000000a3d00000)
 Metaspace       used 33588K, capacity 34134K, committed 34432K, reserved 1079296K
  class space    used 4679K, capacity 4893K, committed 4992K, reserved 1048576K
Event: 15.953 GC heap after
Heap after GC invocations=9 (full 1):
 PSYoungGen      total 92672K, used 9725K [0x00000000e0000000, 0x00000000e7280000, 0x0000000100000000)
  eden space 82944K, 0% used [0x00000000e0000000,0x00000000e0000000,0x00000000e5100000)
  from space 9728K, 99% used [0x00000000e5c00000,0x00000000e657f448,0x00000000e6580000)
  to   space 11264K, 0% used [0x00000000e5100000,0x00000000e5100000,0x00000000e5c00000)
 ParOldGen       total 62464K, used 11694K [0x00000000a0000000, 0x00000000a3d00000, 0x00000000e0000000)
  object space 62464K, 18% used [0x00000000a0000000,0x00000000a0b6b830,0x00000000a3d00000)
 Metaspace       used 33588K, capacity 34134K, committed 34432K, reserved 1079296K
  class space    used 4679K, capacity 4893K, committed 4992K, reserved 1048576K
}
Event: 16.226 GC heap before
{Heap before GC invocations=10 (full 1):
 PSYoungGen      total 92672K, used 15734K [0x00000000e0000000, 0x00000000e7280000, 0x0000000100000000)
  eden space 82944K, 7% used [0x00000000e0000000,0x00000000e05de4f0,0x00000000e5100000)
  from space 9728K, 99% used [0x00000000e5c00000,0x00000000e657f448,0x00000000e6580000)
  to   space 11264K, 0% used [0x00000000e5100000,0x00000000e5100000,0x00000000e5c00000)
 ParOldGen       total 62464K, used 11694K [0x00000000a0000000, 0x00000000a3d00000, 0x00000000e0000000)
  object space 62464K, 18% used [0x00000000a0000000,0x00000000a0b6b830,0x00000000a3d00000)
 Metaspace       used 34694K, capacity 35246K, committed 35416K, reserved 1079296K
  class space    used 4782K, capacity 4967K, committed 4992K, reserved 1048576K
Event: 16.244 GC heap after
Heap after GC invocations=10 (full 1):
 PSYoungGen      total 94208K, used 6336K [0x00000000e0000000, 0x00000000e8a00000, 0x0000000100000000)
  eden space 82944K, 0% used [0x00000000e0000000,0x00000000e0000000,0x00000000e5100000)
  from space 11264K, 56% used [0x00000000e5100000,0x00000000e5730298,0x00000000e5c00000)
  to   space 10752K, 0% used [0x00000000e7f80000,0x00000000e7f80000,0x00000000e8a00000)
 ParOldGen       total 62464K, used 13186K [0x00000000a0000000, 0x00000000a3d00000, 0x00000000e0000000)
  object space 62464K, 21% used [0x00000000a0000000,0x00000000a0ce08b0,0x00000000a3d00000)
 Metaspace       used 34694K, capacity 35246K, committed 35416K, reserved 1079296K
  class space    used 4782K, capacity 4967K, committed 4992K, reserved 1048576K
}
Event: 16.244 GC heap before
{Heap before GC invocations=11 (full 2):
 PSYoungGen      total 94208K, used 6336K [0x00000000e0000000, 0x00000000e8a00000, 0x0000000100000000)
  eden space 82944K, 0% used [0x00000000e0000000,0x00000000e0000000,0x00000000e5100000)
  from space 11264K, 56% used [0x00000000e5100000,0x00000000e5730298,0x00000000e5c00000)
  to   space 10752K, 0% used [0x00000000e7f80000,0x00000000e7f80000,0x00000000e8a00000)
 ParOldGen       total 62464K, used 13186K [0x00000000a0000000, 0x00000000a3d00000, 0x00000000e0000000)
  object space 62464K, 21% used [0x00000000a0000000,0x00000000a0ce08b0,0x00000000a3d00000)
 Metaspace       used 34694K, capacity 35246K, committed 35416K, reserved 1079296K
  class space    used 4782K, capacity 4967K, committed 4992K, reserved 1048576K
Event: 16.378 GC heap after
Heap after GC invocations=11 (full 2):
 PSYoungGen      total 94208K, used 0K [0x00000000e0000000, 0x00000000e8a00000, 0x0000000100000000)
  eden space 82944K, 0% used [0x00000000e0000000,0x00000000e0000000,0x00000000e5100000)
  from space 11264K, 0% used [0x00000000e5100000,0x00000000e5100000,0x00000000e5c00000)
  to   space 10752K, 0% used [0x00000000e7f80000,0x00000000e7f80000,0x00000000e8a00000)
 ParOldGen       total 83456K, used 14458K [0x00000000a0000000, 0x00000000a5180000, 0x00000000e0000000)
  object space 83456K, 17% used [0x00000000a0000000,0x00000000a0e1e9c8,0x00000000a5180000)
 Metaspace       used 34694K, capacity 35246K, committed 35416K, reserved 1079296K
  class space    used 4782K, capacity 4967K, committed 4992K, reserved 1048576K
}

