# JRE version: OpenJDK Runtime Environment (8.0_152-b02) (build 1.8.0_152-release-1024-b02)
# Java VM: OpenJDK 64-Bit Server VM (25.152-b02 mixed mode windows-amd64 compressed oops)
Heap:
 PSYoungGen      total 109568K, used 79522K [0x00000000e0000000, 0x00000000e7a00000, 0x0000000100000000)
  eden space 98816K, 80% used [0x00000000e0000000,0x00000000e4da8998,0x00000000e6080000)
  from space 10752K, 0% used [0x00000000e6b80000,0x00000000e6b80000,0x00000000e7600000)
  to   space 11264K, 0% used [0x00000000e6080000,0x00000000e6080000,0x00000000e6b80000)
 ParOldGen       total 88064K, used 16228K [0x00000000a0000000, 0x00000000a5600000, 0x00000000e0000000)
  object space 88064K, 18% used [0x00000000a0000000,0x00000000a0fd9138,0x00000000a5600000)
 Metaspace       used 38999K, capacity 39724K, committed 39896K, reserved 1083392K
  class space    used 5318K, capacity 5576K, committed 5632K, reserved 1048576K
GC Heap History (10 events):
Event: 6.653 GC heap before
{Heap before GC invocations=6 (full 1):
 PSYoungGen      total 71680K, used 5108K [0x00000000e0000000, 0x00000000e4b00000, 0x0000000100000000)
  eden space 66560K, 0% used [0x00000000e0000000,0x00000000e0000000,0x00000000e4100000)
  from space 5120K, 99% used [0x00000000e4100000,0x00000000e45fd040,0x00000000e4600000)
  to   space 5120K, 0% used [0x00000000e4600000,0x00000000e4600000,0x00000000e4b00000)
 ParOldGen       total 87552K, used 8200K [0x00000000a0000000, 0x00000000a5580000, 0x00000000e0000000)
  object space 87552K, 9% used [0x00000000a0000000,0x00000000a08020c0,0x00000000a5580000)
 Metaspace       used 20861K, capacity 21200K, committed 21248K, reserved 1067008K
  class space    used 2907K, capacity 3038K, committed 3072K, reserved 1048576K
Event: 6.735 GC heap after
Heap after GC invocations=6 (full 1):
 PSYoungGen      total 71680K, used 0K [0x00000000e0000000, 0x00000000e4b00000, 0x0000000100000000)
  eden space 66560K, 0% used [0x00000000e0000000,0x00000000e0000000,0x00000000e4100000)
  from space 5120K, 0% used [0x00000000e4100000,0x00000000e4100000,0x00000000e4600000)
  to   space 5120K, 0% used [0x00000000e4600000,0x00000000e4600000,0x00000000e4b00000)
 ParOldGen       total 57344K, used 8076K [0x00000000a0000000, 0x00000000a3800000, 0x00000000e0000000)
  object space 57344K, 14% used [0x00000000a0000000,0x00000000a07e3160,0x00000000a3800000)
 Metaspace       used 20861K, capacity 21200K, committed 21248K, reserved 1067008K
  class space    used 2907K, capacity 3038K, committed 3072K, reserved 1048576K
}
Event: 8.688 GC heap before
{Heap before GC invocations=7 (full 1):
 PSYoungGen      total 71680K, used 66560K [0x00000000e0000000, 0x00000000e4b00000, 0x0000000100000000)
  eden space 66560K, 100% used [0x00000000e0000000,0x00000000e4100000,0x00000000e4100000)
  from space 5120K, 0% used [0x00000000e4100000,0x00000000e4100000,0x00000000e4600000)
  to   space 5120K, 0% used [0x00000000e4600000,0x00000000e4600000,0x00000000e4b00000)
 ParOldGen       total 57344K, used 8076K [0x00000000a0000000, 0x00000000a3800000, 0x00000000e0000000)
  object space 57344K, 14% used [0x00000000a0000000,0x00000000a07e3160,0x00000000a3800000)
 Metaspace       used 26608K, capacity 27056K, committed 27136K, reserved 1073152K
  class space    used 3672K, capacity 3829K, committed 3840K, reserved 1048576K
Event: 8.706 GC heap after
Heap after GC invocations=7 (full 1):
 PSYoungGen      total 67072K, used 5106K [0x00000000e0000000, 0x00000000e7c00000, 0x0000000100000000)
  eden space 61952K, 0% used [0x00000000e0000000,0x00000000e0000000,0x00000000e3c80000)
  from space 5120K, 99% used [0x00000000e4600000,0x00000000e4afcb28,0x00000000e4b00000)
  to   space 9728K, 0% used [0x00000000e3c80000,0x00000000e3c80000,0x00000000e4600000)
 ParOldGen       total 57344K, used 10095K [0x00000000a0000000, 0x00000000a3800000, 0x00000000e0000000)
  object space 57344K, 17% used [0x00000000a0000000,0x00000000a09dbc40,0x00000000a3800000)
 Metaspace       used 26608K, capacity 27056K, committed 27136K, reserved 1073152K
  class space    used 3672K, capacity 3829K, committed 3840K, reserved 1048576K
}
Event: 10.439 GC heap before
{Heap before GC invocations=8 (full 1):
 PSYoungGen      total 67072K, used 67058K [0x00000000e0000000, 0x00000000e7c00000, 0x0000000100000000)
  eden space 61952K, 100% used [0x00000000e0000000,0x00000000e3c80000,0x00000000e3c80000)
  from space 5120K, 99% used [0x00000000e4600000,0x00000000e4afcb28,0x00000000e4b00000)
  to   space 9728K, 0% used [0x00000000e3c80000,0x00000000e3c80000,0x00000000e4600000)
 ParOldGen       total 57344K, used 10095K [0x00000000a0000000, 0x00000000a3800000, 0x00000000e0000000)
  object space 57344K, 17% used [0x00000000a0000000,0x00000000a09dbc40,0x00000000a3800000)
 Metaspace       used 29895K, capacity 30366K, committed 30592K, reserved 1075200K
  class space    used 4187K, capacity 4354K, committed 4480K, reserved 1048576K
Event: 10.465 GC heap after
Heap after GC invocations=8 (full 1):
 PSYoungGen      total 71680K, used 8863K [0x00000000e0000000, 0x00000000e7600000, 0x0000000100000000)
  eden space 61952K, 0% used [0x00000000e0000000,0x00000000e0000000,0x00000000e3c80000)
  from space 9728K, 91% used [0x00000000e3c80000,0x00000000e4527fe0,0x00000000e4600000)
  to   space 10752K, 0% used [0x00000000e6b80000,0x00000000e6b80000,0x00000000e7600000)
 ParOldGen       total 57344K, used 10095K [0x00000000a0000000, 0x00000000a3800000, 0x00000000e0000000)
  object space 57344K, 17% used [0x00000000a0000000,0x00000000a09dbc40,0x00000000a3800000)
 Metaspace       used 29895K, capacity 30366K, committed 30592K, reserved 1075200K
  class space    used 4187K, capacity 4354K, committed 4480K, reserved 1048576K
}
Event: 11.318 GC heap before
{Heap before GC invocations=9 (full 1):
 PSYoungGen      total 71680K, used 34724K [0x00000000e0000000, 0x00000000e7600000, 0x0000000100000000)
  eden space 61952K, 41% used [0x00000000e0000000,0x00000000e19413f8,0x00000000e3c80000)
  from space 9728K, 91% used [0x00000000e3c80000,0x00000000e4527fe0,0x00000000e4600000)
  to   space 10752K, 0% used [0x00000000e6b80000,0x00000000e6b80000,0x00000000e7600000)
 ParOldGen       total 57344K, used 10095K [0x00000000a0000000, 0x00000000a3800000, 0x00000000e0000000)
  object space 57344K, 17% used [0x00000000a0000000,0x00000000a09dbc40,0x00000000a3800000)
 Metaspace       used 34627K, capacity 35182K, committed 35416K, reserved 1079296K
  class space    used 4772K, capacity 4967K, committed 4992K, reserved 1048576K
Event: 11.350 GC heap after
Heap after GC invocations=9 (full 1):
 PSYoungGen      total 109568K, used 9552K [0x00000000e0000000, 0x00000000e7a00000, 0x0000000100000000)
  eden space 98816K, 0% used [0x00000000e0000000,0x00000000e0000000,0x00000000e6080000)
  from space 10752K, 88% used [0x00000000e6b80000,0x00000000e74d42d8,0x00000000e7600000)
  to   space 11264K, 0% used [0x00000000e6080000,0x00000000e6080000,0x00000000e6b80000)
 ParOldGen       total 57344K, used 10103K [0x00000000a0000000, 0x00000000a3800000, 0x00000000e0000000)
  object space 57344K, 17% used [0x00000000a0000000,0x00000000a09ddc40,0x00000000a3800000)
 Metaspace       used 34627K, capacity 35182K, committed 35416K, reserved 1079296K
  class space    used 4772K, capacity 4967K, committed 4992K, reserved 1048576K
}
Event: 11.350 GC heap before
{Heap before GC invocations=10 (full 2):
 PSYoungGen      total 109568K, used 9552K [0x00000000e0000000, 0x00000000e7a00000, 0x0000000100000000)
  eden space 98816K, 0% used [0x00000000e0000000,0x00000000e0000000,0x00000000e6080000)
  from space 10752K, 88% used [0x00000000e6b80000,0x00000000e74d42d8,0x00000000e7600000)
  to   space 11264K, 0% used [0x00000000e6080000,0x00000000e6080000,0x00000000e6b80000)
 ParOldGen       total 57344K, used 10103K [0x00000000a0000000, 0x00000000a3800000, 0x00000000e0000000)
  object space 57344K, 17% used [0x00000000a0000000,0x00000000a09ddc40,0x00000000a3800000)
 Metaspace       used 34627K, capacity 35182K, committed 35416K, reserved 1079296K
  class space    used 4772K, capacity 4967K, committed 4992K, reserved 1048576K
Event: 11.500 GC heap after
Heap after GC invocations=10 (full 2):
 PSYoungGen      total 109568K, used 0K [0x00000000e0000000, 0x00000000e7a00000, 0x0000000100000000)
  eden space 98816K, 0% used [0x00000000e0000000,0x00000000e0000000,0x00000000e6080000)
  from space 10752K, 0% used [0x00000000e6b80000,0x00000000e6b80000,0x00000000e7600000)
  to   space 11264K, 0% used [0x00000000e6080000,0x00000000e6080000,0x00000000e6b80000)
 ParOldGen       total 88064K, used 16228K [0x00000000a0000000, 0x00000000a5600000, 0x00000000e0000000)
  object space 88064K, 18% used [0x00000000a0000000,0x00000000a0fd9138,0x00000000a5600000)
 Metaspace       used 34627K, capacity 35182K, committed 35416K, reserved 1079296K
  class space    used 4772K, capacity 4967K, committed 4992K, reserved 1048576K
}

